2019-07-30 06:23:03.8128||DEBUG|crud.Program|init main 
2019-07-30 06:23:04.2104||INFO|Microsoft.AspNetCore.DataProtection.KeyManagement.XmlKeyManager|User profile is available. Using '/home/todd/.aspnet/DataProtection-Keys' as key repository; keys will not be encrypted at rest. 
2019-07-30 06:23:11.1797|1|INFO|Microsoft.AspNetCore.Hosting.Internal.WebHost|Request starting HTTP/1.1 GET http://localhost:5000/   
2019-07-30 06:23:11.4519|1|INFO|Microsoft.AspNetCore.Mvc.Internal.ControllerActionInvoker|Executing action method crud.Controllers.HomeController.Index (crud) with arguments ((null)) - ModelState is Valid 
2019-07-30 06:23:11.4541||TRACE|crud.Controllers.HomeController|Index page says hello 
2019-07-30 06:23:15.5253|1|INFO|Microsoft.AspNetCore.Mvc.ViewFeatures.Internal.ViewResultExecutor|Executing ViewResult, running view at path /Views/Home/Index.cshtml. 
2019-07-30 06:23:15.9881|2|INFO|Microsoft.AspNetCore.Mvc.Internal.ControllerActionInvoker|Executed action crud.Controllers.HomeController.Index (crud) in 4579.6045ms 
2019-07-30 06:23:16.0032|2|INFO|Microsoft.AspNetCore.Hosting.Internal.WebHost|Request finished in 4831.7038ms 200 text/html; charset=utf-8 
2019-07-30 06:23:16.0167|1|INFO|Microsoft.AspNetCore.Hosting.Internal.WebHost|Request starting HTTP/1.1 GET http://localhost:5000/css/site.min.css?v=kHvJwvVAK1eJLN4w8xygUR3nbvlLmRwi5yr-OuAO90E   
2019-07-30 06:23:16.0171|1|INFO|Microsoft.AspNetCore.Hosting.Internal.WebHost|Request starting HTTP/1.1 GET http://localhost:5000/js/site.min.js?v=47DEQpj8HBSa-_TImW-5JCeuQeRkm5NMpJWZG3hSuFU   
2019-07-30 06:23:16.0400|6|INFO|Microsoft.AspNetCore.StaticFiles.StaticFileMiddleware|The file /js/site.min.js was not modified 
2019-07-30 06:23:16.0400|6|INFO|Microsoft.AspNetCore.StaticFiles.StaticFileMiddleware|The file /css/site.min.css was not modified 
2019-07-30 06:23:16.0472|2|INFO|Microsoft.AspNetCore.Hosting.Internal.WebHost|Request finished in 30.5774ms 304 text/css 
2019-07-30 06:23:16.0486|2|INFO|Microsoft.AspNetCore.Hosting.Internal.WebHost|Request finished in 31.4465ms 304 application/javascript 
2019-07-30 06:23:16.2798|1|INFO|Microsoft.AspNetCore.Hosting.Internal.WebHost|Request starting HTTP/1.1 GET http://localhost:5000/images/banner1.svg   
2019-07-30 06:23:16.2798|6|INFO|Microsoft.AspNetCore.StaticFiles.StaticFileMiddleware|The file /images/banner1.svg was not modified 
2019-07-30 06:23:16.2798|2|INFO|Microsoft.AspNetCore.Hosting.Internal.WebHost|Request finished in 0.464ms 304 image/svg+xml 
2019-07-30 06:23:16.2798|1|INFO|Microsoft.AspNetCore.Hosting.Internal.WebHost|Request starting HTTP/1.1 GET http://localhost:5000/images/banner3.svg   
2019-07-30 06:23:16.2798|1|INFO|Microsoft.AspNetCore.Hosting.Internal.WebHost|Request starting HTTP/1.1 GET http://localhost:5000/images/banner2.svg   
2019-07-30 06:23:16.2798|6|INFO|Microsoft.AspNetCore.StaticFiles.StaticFileMiddleware|The file /images/banner3.svg was not modified 
2019-07-30 06:23:16.2798|6|INFO|Microsoft.AspNetCore.StaticFiles.StaticFileMiddleware|The file /images/banner2.svg was not modified 
2019-07-30 06:23:16.2798|2|INFO|Microsoft.AspNetCore.Hosting.Internal.WebHost|Request finished in 0.4284ms 304 image/svg+xml 
2019-07-30 06:23:16.2798|1|INFO|Microsoft.AspNetCore.Hosting.Internal.WebHost|Request starting HTTP/1.1 GET http://localhost:5000/images/banner4.svg   
2019-07-30 06:23:16.2808|2|INFO|Microsoft.AspNetCore.Hosting.Internal.WebHost|Request finished in 0.9959ms 304 image/svg+xml 
2019-07-30 06:23:16.2808|6|INFO|Microsoft.AspNetCore.StaticFiles.StaticFileMiddleware|The file /images/banner4.svg was not modified 
2019-07-30 06:23:16.2808|2|INFO|Microsoft.AspNetCore.Hosting.Internal.WebHost|Request finished in 0.5369ms 304 image/svg+xml 
2019-07-30 06:27:01.0664||DEBUG|crud.Program|init main 
2019-07-30 06:27:01.4687||INFO|Microsoft.AspNetCore.DataProtection.KeyManagement.XmlKeyManager|User profile is available. Using '/home/todd/.aspnet/DataProtection-Keys' as key repository; keys will not be encrypted at rest. 
2019-07-30 06:27:06.3226|1|INFO|Microsoft.AspNetCore.Hosting.Internal.WebHost|Request starting HTTP/1.1 GET http://localhost:5000/   
2019-07-30 06:27:06.5641|1|INFO|Microsoft.AspNetCore.Mvc.Internal.ControllerActionInvoker|Executing action method crud.Controllers.HomeController.Index (crud) with arguments ((null)) - ModelState is Valid 
2019-07-30 06:27:06.5661||INFO|crud.Controllers.HomeController|Index page says hello 
2019-07-30 06:27:10.3935|1|INFO|Microsoft.AspNetCore.Mvc.ViewFeatures.Internal.ViewResultExecutor|Executing ViewResult, running view at path /Views/Home/Index.cshtml. 
2019-07-30 06:27:10.8082|2|INFO|Microsoft.AspNetCore.Mvc.Internal.ControllerActionInvoker|Executed action crud.Controllers.HomeController.Index (crud) in 4283.2132ms 
2019-07-30 06:27:10.8251|2|INFO|Microsoft.AspNetCore.Hosting.Internal.WebHost|Request finished in 4509.655ms 200 text/html; charset=utf-8 
2019-07-30 06:27:10.8386|1|INFO|Microsoft.AspNetCore.Hosting.Internal.WebHost|Request starting HTTP/1.1 GET http://localhost:5000/js/site.min.js?v=47DEQpj8HBSa-_TImW-5JCeuQeRkm5NMpJWZG3hSuFU   
2019-07-30 06:27:10.8386|1|INFO|Microsoft.AspNetCore.Hosting.Internal.WebHost|Request starting HTTP/1.1 GET http://localhost:5000/css/site.min.css?v=kHvJwvVAK1eJLN4w8xygUR3nbvlLmRwi5yr-OuAO90E   
2019-07-30 06:27:10.8589|6|INFO|Microsoft.AspNetCore.StaticFiles.StaticFileMiddleware|The file /css/site.min.css was not modified 
2019-07-30 06:27:10.8609|2|INFO|Microsoft.AspNetCore.StaticFiles.StaticFileMiddleware|Sending file. Request path: '/js/site.min.js'. Physical path: '/home/todd/play/crud-dotnet/crud/wwwroot/js/site.min.js' 
2019-07-30 06:27:10.8670|2|INFO|Microsoft.AspNetCore.Hosting.Internal.WebHost|Request finished in 28.23ms 304 text/css 
2019-07-30 06:27:10.8746|2|INFO|Microsoft.AspNetCore.Hosting.Internal.WebHost|Request finished in 36.0301ms 200 application/javascript 
2019-07-30 06:27:11.0867|1|INFO|Microsoft.AspNetCore.Hosting.Internal.WebHost|Request starting HTTP/1.1 GET http://localhost:5000/images/banner2.svg   
2019-07-30 06:27:11.0867|1|INFO|Microsoft.AspNetCore.Hosting.Internal.WebHost|Request starting HTTP/1.1 GET http://localhost:5000/images/banner1.svg   
2019-07-30 06:27:11.0871|2|INFO|Microsoft.AspNetCore.StaticFiles.StaticFileMiddleware|Sending file. Request path: '/images/banner1.svg'. Physical path: '/home/todd/play/crud-dotnet/crud/wwwroot/images/banner1.svg' 
2019-07-30 06:27:11.0871|6|INFO|Microsoft.AspNetCore.StaticFiles.StaticFileMiddleware|The file /images/banner2.svg was not modified 
2019-07-30 06:27:11.0871|2|INFO|Microsoft.AspNetCore.Hosting.Internal.WebHost|Request finished in 0.8037ms 304 image/svg+xml 
2019-07-30 06:27:11.0871|1|INFO|Microsoft.AspNetCore.Hosting.Internal.WebHost|Request starting HTTP/1.1 GET http://localhost:5000/images/banner3.svg   
2019-07-30 06:27:11.0879|6|INFO|Microsoft.AspNetCore.StaticFiles.StaticFileMiddleware|The file /images/banner3.svg was not modified 
2019-07-30 06:27:11.0879|2|INFO|Microsoft.AspNetCore.Hosting.Internal.WebHost|Request finished in 0.5018ms 304 image/svg+xml 
2019-07-30 06:27:11.0879|1|INFO|Microsoft.AspNetCore.Hosting.Internal.WebHost|Request starting HTTP/1.1 GET http://localhost:5000/images/banner4.svg   
2019-07-30 06:27:11.0879|6|INFO|Microsoft.AspNetCore.StaticFiles.StaticFileMiddleware|The file /images/banner4.svg was not modified 
2019-07-30 06:27:11.0879|2|INFO|Microsoft.AspNetCore.Hosting.Internal.WebHost|Request finished in 0.3009ms 304 image/svg+xml 
2019-07-30 06:27:11.0965|2|INFO|Microsoft.AspNetCore.Hosting.Internal.WebHost|Request finished in 9.7442ms 200 image/svg+xml 
2019-07-30 06:29:19.5575||DEBUG|crud.Program|init main 
2019-07-30 06:29:21.1465||INFO|Microsoft.AspNetCore.DataProtection.KeyManagement.XmlKeyManager|User profile is available. Using '/home/todd/.aspnet/DataProtection-Keys' as key repository; keys will not be encrypted at rest. 
2019-07-30 06:29:27.2483|1|INFO|Microsoft.AspNetCore.Hosting.Internal.WebHost|Request starting HTTP/1.1 GET http://localhost:5000/   
2019-07-30 06:29:27.5225|1|INFO|Microsoft.AspNetCore.Mvc.Internal.ControllerActionInvoker|Executing action method crud.Controllers.HomeController.Index (crud) with arguments ((null)) - ModelState is Valid 
2019-07-30 06:30:11.1592||INFO|crud.Controllers.HomeController|Index page says hello 
2019-07-30 06:30:11.1686|22|WARN|Microsoft.AspNetCore.Server.Kestrel|Heartbeat took longer than "00:00:01" at "07/30/2019 10:30:11 +00:00". 
2019-07-30 06:30:14.4799|1|INFO|Microsoft.AspNetCore.Mvc.ViewFeatures.Internal.ViewResultExecutor|Executing ViewResult, running view at path /Views/Home/Index.cshtml. 
2019-07-30 06:30:15.0447|2|INFO|Microsoft.AspNetCore.Mvc.Internal.ControllerActionInvoker|Executed action crud.Controllers.HomeController.Index (crud) in 47545.6895ms 
2019-07-30 06:30:15.0549|2|INFO|Microsoft.AspNetCore.Hosting.Internal.WebHost|Request finished in 47810.7174ms 200 text/html; charset=utf-8 
2019-07-30 06:30:15.0683|1|INFO|Microsoft.AspNetCore.Hosting.Internal.WebHost|Request starting HTTP/1.1 GET http://localhost:5000/css/site.min.css?v=kHvJwvVAK1eJLN4w8xygUR3nbvlLmRwi5yr-OuAO90E   
2019-07-30 06:30:15.0899|1|INFO|Microsoft.AspNetCore.Hosting.Internal.WebHost|Request starting HTTP/1.1 GET http://localhost:5000/js/site.min.js?v=47DEQpj8HBSa-_TImW-5JCeuQeRkm5NMpJWZG3hSuFU   
2019-07-30 06:30:15.1245|6|INFO|Microsoft.AspNetCore.StaticFiles.StaticFileMiddleware|The file /js/site.min.js was not modified 
2019-07-30 06:30:15.1245|6|INFO|Microsoft.AspNetCore.StaticFiles.StaticFileMiddleware|The file /css/site.min.css was not modified 
2019-07-30 06:30:15.1288|2|INFO|Microsoft.AspNetCore.Hosting.Internal.WebHost|Request finished in 60.4714ms 304 text/css 
2019-07-30 06:30:15.1288|2|INFO|Microsoft.AspNetCore.Hosting.Internal.WebHost|Request finished in 38.938ms 304 application/javascript 
2019-07-30 06:30:15.3043|1|INFO|Microsoft.AspNetCore.Hosting.Internal.WebHost|Request starting HTTP/1.1 GET http://localhost:5000/images/banner2.svg   
2019-07-30 06:30:15.3043|1|INFO|Microsoft.AspNetCore.Hosting.Internal.WebHost|Request starting HTTP/1.1 GET http://localhost:5000/images/banner3.svg   
2019-07-30 06:30:15.3268|6|INFO|Microsoft.AspNetCore.StaticFiles.StaticFileMiddleware|The file /images/banner2.svg was not modified 
2019-07-30 06:30:15.3268|1|INFO|Microsoft.AspNetCore.Hosting.Internal.WebHost|Request starting HTTP/1.1 GET http://localhost:5000/images/banner4.svg   
2019-07-30 06:30:15.3268|6|INFO|Microsoft.AspNetCore.StaticFiles.StaticFileMiddleware|The file /images/banner3.svg was not modified 
2019-07-30 06:30:15.3268|6|INFO|Microsoft.AspNetCore.StaticFiles.StaticFileMiddleware|The file /images/banner4.svg was not modified 
2019-07-30 06:30:15.3268|2|INFO|Microsoft.AspNetCore.Hosting.Internal.WebHost|Request finished in 23.3958ms 304 image/svg+xml 
2019-07-30 06:30:15.3268|1|INFO|Microsoft.AspNetCore.Hosting.Internal.WebHost|Request starting HTTP/1.1 GET http://localhost:5000/images/banner1.svg   
2019-07-30 06:30:15.3280|6|INFO|Microsoft.AspNetCore.StaticFiles.StaticFileMiddleware|The file /images/banner1.svg was not modified 
2019-07-30 06:30:15.3280|2|INFO|Microsoft.AspNetCore.Hosting.Internal.WebHost|Request finished in 0.9686ms 304 image/svg+xml 
2019-07-30 06:30:15.3268|2|INFO|Microsoft.AspNetCore.Hosting.Internal.WebHost|Request finished in 23.0787ms 304 image/svg+xml 
2019-07-30 06:30:15.3280|2|INFO|Microsoft.AspNetCore.Hosting.Internal.WebHost|Request finished in 1.4607ms 304 image/svg+xml 
